<?xml version="1.0" encoding="UTF-8"?>
<!-- Generated by org.testng.reporters.JUnitReportReporter -->
<testsuite hostname="LAPTOP-PQ7IP8FG" failures="0" tests="1" name="projectself.pages.Loginpage" time="0.006" errors="0" timestamp="2025-04-21T00:00:05 IST" skipped="0">
  <testcase classname="projectself.pages.Loginpage" name="print" time="0.006"/>
</testsuite> <!-- projectself.pages.Loginpage -->
