<?xml version="1.0" encoding="UTF-8"?>
<!-- Generated by org.testng.reporters.JUnitReportReporter -->
<testsuite hostname="LAPTOP-PQ7IP8FG" failures="0" tests="1" name="projectself.tests.LoginTest" time="6.631" errors="0" timestamp="2025-06-18T22:58:24 IST" skipped="0">
  <testcase classname="projectself.tests.LoginTest" name="verifyValidLogin" time="6.631"/>
</testsuite> <!-- projectself.tests.LoginTest -->
